2021-02-14T20:17:13.592+0900 INFO [main] Starting LoggingApplication using Java 11.0.2 on MACBOOKs-MacBook-Pro.local with PID 14145 (/Users/alreadyj/local/logging-tutorial/build/classes/java/main started by alreadyj in /Users/alreadyj/local/logging-tutorial)
2021-02-14T20:17:13.601+0900 DEBUG [main] Running with Spring Boot v2.4.2, Spring v5.3.3
2021-02-14T20:17:13.604+0900 INFO [main] No active profile set, falling back to default profiles: default
2021-02-14T20:17:14.523+0900 INFO [main] Tomcat initialized with port(s): 8080 (http)
2021-02-14T20:17:14.530+0900 INFO [main] Initializing ProtocolHandler ["http-nio-8080"]
2021-02-14T20:17:14.532+0900 INFO [main] Starting service [Tomcat]
2021-02-14T20:17:14.532+0900 INFO [main] Starting Servlet engine: [Apache Tomcat/9.0.41]
2021-02-14T20:17:14.537+0900 INFO [main] Loaded Apache Tomcat Native library [1.2.25] using APR version [1.7.0].
2021-02-14T20:17:14.537+0900 INFO [main] APR capabilities: IPv6 [true], sendfile [true], accept filters [false], random [true].
2021-02-14T20:17:14.538+0900 INFO [main] APR/OpenSSL configuration: useAprConnector [false], useOpenSSL [true]
2021-02-14T20:17:14.543+0900 INFO [main] OpenSSL successfully initialized [OpenSSL 1.1.1i  8 Dec 2020]
2021-02-14T20:17:14.616+0900 INFO [main] Initializing Spring embedded WebApplicationContext
2021-02-14T20:17:14.617+0900 INFO [main] Root WebApplicationContext: initialization completed in 911 ms
2021-02-14T20:17:14.972+0900 INFO [main] Initializing ExecutorService 'applicationTaskExecutor'
2021-02-14T20:17:15.127+0900 INFO [main] Starting ProtocolHandler ["http-nio-8080"]
2021-02-14T20:17:15.145+0900 WARN [main] Exception encountered during context initialization - cancelling refresh attempt: org.springframework.context.ApplicationContextException: Failed to start bean 'webServerStartStop'; nested exception is org.springframework.boot.web.server.PortInUseException: Port 8080 is already in use
2021-02-14T20:17:15.147+0900 INFO [main] Shutting down ExecutorService 'applicationTaskExecutor'
2021-02-14T20:17:15.150+0900 INFO [main] Pausing ProtocolHandler ["http-nio-8080"]
2021-02-14T20:17:15.150+0900 INFO [main] Stopping service [Tomcat]
2021-02-14T20:17:15.156+0900 INFO [main] Stopping ProtocolHandler ["http-nio-8080"]
2021-02-14T20:17:15.157+0900 INFO [main] Destroying ProtocolHandler ["http-nio-8080"]
2021-02-14T20:17:15.164+0900 INFO [main] 

Error starting ApplicationContext. To display the conditions report re-run your application with 'debug' enabled.
2021-02-14T20:17:15.191+0900 ERROR [main] 

***************************
APPLICATION FAILED TO START
***************************

Description:

Web server failed to start. Port 8080 was already in use.

Action:

Identify and stop the process that's listening on port 8080 or configure this application to listen on another port.

2021-02-14T20:19:07.225+0900 INFO [main] Starting LoggingApplication using Java 11.0.2 on MACBOOKs-MacBook-Pro.local with PID 14767 (/Users/alreadyj/local/logging-tutorial/build/classes/java/main started by alreadyj in /Users/alreadyj/local/logging-tutorial)
2021-02-14T20:19:07.234+0900 DEBUG [main] Running with Spring Boot v2.4.2, Spring v5.3.3
2021-02-14T20:19:07.235+0900 INFO [main] No active profile set, falling back to default profiles: default
2021-02-14T20:19:08.365+0900 INFO [main] Tomcat initialized with port(s): 8080 (http)
2021-02-14T20:19:08.377+0900 INFO [main] Initializing ProtocolHandler ["http-nio-8080"]
2021-02-14T20:19:08.382+0900 INFO [main] Starting service [Tomcat]
2021-02-14T20:19:08.386+0900 INFO [main] Starting Servlet engine: [Apache Tomcat/9.0.41]
2021-02-14T20:19:08.388+0900 INFO [main] Loaded Apache Tomcat Native library [1.2.25] using APR version [1.7.0].
2021-02-14T20:19:08.389+0900 INFO [main] APR capabilities: IPv6 [true], sendfile [true], accept filters [false], random [true].
2021-02-14T20:19:08.390+0900 INFO [main] APR/OpenSSL configuration: useAprConnector [false], useOpenSSL [true]
2021-02-14T20:19:08.403+0900 INFO [main] OpenSSL successfully initialized [OpenSSL 1.1.1i  8 Dec 2020]
2021-02-14T20:19:08.493+0900 INFO [main] Initializing Spring embedded WebApplicationContext
2021-02-14T20:19:08.493+0900 INFO [main] Root WebApplicationContext: initialization completed in 1191 ms
2021-02-14T20:19:08.827+0900 INFO [main] Initializing ExecutorService 'applicationTaskExecutor'
2021-02-14T20:19:09.003+0900 INFO [main] Starting ProtocolHandler ["http-nio-8080"]
2021-02-14T20:19:09.053+0900 INFO [main] Tomcat started on port(s): 8080 (http) with context path ''
2021-02-14T20:19:09.075+0900 INFO [main] Started LoggingApplication in 2.368 seconds (JVM running for 5.118)
2021-02-14T20:19:09.128+0900 DEBUG [main] Hi I'm DEBUG log
2021-02-14T20:19:09.129+0900 INFO [main] Hi I'm INFO log
2021-02-14T20:19:09.129+0900 WARN [main] Hi I'm WARN log
2021-02-14T20:19:09.129+0900 ERROR [main] Hi I'm ERROR log
2021-02-14T20:22:14.574+0900 INFO [SpringContextShutdownHook] Shutting down ExecutorService 'applicationTaskExecutor'
20:22:19.050 [main] INFO  com.deeplify.tutorial.logging.LoggingApplication - Starting LoggingApplication using Java 11.0.2 on MACBOOKs-MacBook-Pro.local with PID 15879 (/Users/alreadyj/local/logging-tutorial/build/classes/java/main started by alreadyj in /Users/alreadyj/local/logging-tutorial)
20:22:19.059 [main] DEBUG com.deeplify.tutorial.logging.LoggingApplication - Running with Spring Boot v2.4.2, Spring v5.3.3
20:22:19.060 [main] INFO  com.deeplify.tutorial.logging.LoggingApplication - No active profile set, falling back to default profiles: default
20:22:20.128 [main] INFO  org.springframework.boot.web.embedded.tomcat.TomcatWebServer - Tomcat initialized with port(s): 8080 (http)
20:22:20.136 [main] INFO  org.apache.coyote.http11.Http11NioProtocol - Initializing ProtocolHandler ["http-nio-8080"]
20:22:20.137 [main] INFO  org.apache.catalina.core.StandardService - Starting service [Tomcat]
20:22:20.138 [main] INFO  org.apache.catalina.core.StandardEngine - Starting Servlet engine: [Apache Tomcat/9.0.41]
20:22:20.139 [main] INFO  org.apache.catalina.core.AprLifecycleListener - Loaded Apache Tomcat Native library [1.2.25] using APR version [1.7.0].
20:22:20.140 [main] INFO  org.apache.catalina.core.AprLifecycleListener - APR capabilities: IPv6 [true], sendfile [true], accept filters [false], random [true].
20:22:20.141 [main] INFO  org.apache.catalina.core.AprLifecycleListener - APR/OpenSSL configuration: useAprConnector [false], useOpenSSL [true]
20:22:20.147 [main] INFO  org.apache.catalina.core.AprLifecycleListener - OpenSSL successfully initialized [OpenSSL 1.1.1i  8 Dec 2020]
20:22:20.231 [main] INFO  org.apache.catalina.core.ContainerBase.[Tomcat].[localhost].[/] - Initializing Spring embedded WebApplicationContext
20:22:20.231 [main] INFO  org.springframework.boot.web.servlet.context.ServletWebServerApplicationContext - Root WebApplicationContext: initialization completed in 1119 ms
20:22:20.580 [main] INFO  org.springframework.scheduling.concurrent.ThreadPoolTaskExecutor - Initializing ExecutorService 'applicationTaskExecutor'
20:22:20.781 [main] INFO  org.apache.coyote.http11.Http11NioProtocol - Starting ProtocolHandler ["http-nio-8080"]
20:22:20.812 [main] INFO  org.springframework.boot.web.embedded.tomcat.TomcatWebServer - Tomcat started on port(s): 8080 (http) with context path ''
20:22:20.826 [main] INFO  com.deeplify.tutorial.logging.LoggingApplication - Started LoggingApplication in 2.198 seconds (JVM running for 4.193)
20:22:20.831 [main] DEBUG com.deeplify.tutorial.logging.LoggingApplication - Hi I'm DEBUG log
20:22:20.831 [main] INFO  com.deeplify.tutorial.logging.LoggingApplication - Hi I'm INFO log
20:22:20.832 [main] WARN  com.deeplify.tutorial.logging.LoggingApplication - Hi I'm WARN log
20:22:20.832 [main] ERROR com.deeplify.tutorial.logging.LoggingApplication - Hi I'm ERROR log
